<?xml version="1.0" encoding="UTF-8"?>
<testsuite xmlns:xsi="http://www.w3.org/2001/XMLSchema-instance" xsi:noNamespaceSchemaLocation="https://maven.apache.org/surefire/maven-surefire-plugin/xsd/surefire-test-report-3.0.xsd" version="3.0" name="BMICalculatorTest" time="0.121" tests="4" errors="0" skipped="0" failures="0">
  <properties>
    <property name="java.specification.version" value="21"/>
    <property name="sun.cpu.isalist" value="amd64"/>
    <property name="sun.jnu.encoding" value="Cp1252"/>
    <property name="java.class.path" value="C:\Users\Shreeyali\bmi-calculator\target\test-classes;C:\Users\Shreeyali\bmi-calculator\target\classes;C:\Users\Shreeyali\.m2\repository\junit\junit\4.13.2\junit-4.13.2.jar;C:\Users\Shreeyali\.m2\repository\org\hamcrest\hamcrest-core\1.3\hamcrest-core-1.3.jar;"/>
    <property name="java.vm.vendor" value="Eclipse Adoptium"/>
    <property name="sun.arch.data.model" value="64"/>
    <property name="user.variant" value=""/>
    <property name="java.vendor.url" value="https://adoptium.net/"/>
    <property name="user.timezone" value="Asia/Calcutta"/>
    <property name="os.name" value="Windows 11"/>
    <property name="java.vm.specification.version" value="21"/>
    <property name="sun.java.launcher" value="SUN_STANDARD"/>
    <property name="user.country" value="IN"/>
    <property name="sun.boot.library.path" value="C:\Program Files\Eclipse Adoptium\jdk-21.0.7.6-hotspot\bin"/>
    <property name="sun.java.command" value="C:\Users\Shreeyali\AppData\Local\Temp\surefire2828519672042417461\surefirebooter-20250626183839998_3.jar C:\Users\Shreeyali\AppData\Local\Temp\surefire2828519672042417461 2025-06-26T18-38-39_736-jvmRun1 surefire-20250626183839998_1tmp surefire_0-20250626183839998_2tmp"/>
    <property name="jdk.debug" value="release"/>
    <property name="surefire.test.class.path" value="C:\Users\Shreeyali\bmi-calculator\target\test-classes;C:\Users\Shreeyali\bmi-calculator\target\classes;C:\Users\Shreeyali\.m2\repository\junit\junit\4.13.2\junit-4.13.2.jar;C:\Users\Shreeyali\.m2\repository\org\hamcrest\hamcrest-core\1.3\hamcrest-core-1.3.jar;"/>
    <property name="sun.cpu.endian" value="little"/>
    <property name="user.home" value="C:\Users\Shreeyali"/>
    <property name="user.language" value="en"/>
    <property name="java.specification.vendor" value="Oracle Corporation"/>
    <property name="java.version.date" value="2025-04-15"/>
    <property name="java.home" value="C:\Program Files\Eclipse Adoptium\jdk-21.0.7.6-hotspot"/>
    <property name="file.separator" value="\"/>
    <property name="basedir" value="C:\Users\Shreeyali\bmi-calculator"/>
    <property name="java.vm.compressedOopsMode" value="Zero based"/>
    <property name="line.separator" value="&#10;"/>
    <property name="java.vm.specification.vendor" value="Oracle Corporation"/>
    <property name="java.specification.name" value="Java Platform API Specification"/>
    <property name="surefire.real.class.path" value="C:\Users\Shreeyali\AppData\Local\Temp\surefire2828519672042417461\surefirebooter-20250626183839998_3.jar"/>
    <property name="user.script" value=""/>
    <property name="sun.management.compiler" value="HotSpot 64-Bit Tiered Compilers"/>
    <property name="java.runtime.version" value="21.0.7+6-LTS"/>
    <property name="user.name" value="Shreeyali"/>
    <property name="stdout.encoding" value="Cp1252"/>
    <property name="path.separator" value=";"/>
    <property name="os.version" value="10.0"/>
    <property name="java.runtime.name" value="OpenJDK Runtime Environment"/>
    <property name="file.encoding" value="UTF-8"/>
    <property name="java.vm.name" value="OpenJDK 64-Bit Server VM"/>
    <property name="java.vendor.version" value="Temurin-21.0.7+6"/>
    <property name="localRepository" value="C:\Users\Shreeyali\.m2\repository"/>
    <property name="java.vendor.url.bug" value="https://github.com/adoptium/adoptium-support/issues"/>
    <property name="java.io.tmpdir" value="C:\Users\SHREEY~1\AppData\Local\Temp\"/>
    <property name="java.version" value="21.0.7"/>
    <property name="user.dir" value="C:\Users\Shreeyali\bmi-calculator"/>
    <property name="os.arch" value="amd64"/>
    <property name="java.vm.specification.name" value="Java Virtual Machine Specification"/>
    <property name="sun.os.patch.level" value=""/>
    <property name="native.encoding" value="Cp1252"/>
    <property name="java.library.path" value="C:\Program Files\Eclipse Adoptium\jdk-21.0.7.6-hotspot\bin;C:\WINDOWS\Sun\Java\bin;C:\WINDOWS\system32;C:\WINDOWS;C:\Program Files\Eclipse Adoptium\jdk-21.0.7.6-hotspot\bin;C:\Program Files\Common Files\Oracle\Java\javapath;C:\Program Files\Python310\Scripts\;C:\Program Files\Python310\;C:\Program Files\Python314\Scripts\;C:\Program Files\Python314\;C:\Program Files\Python38\Scripts\;C:\Program Files\Python38\;C:\Users\Shreeyali\New folder\Scripts\;C:\Users\Shreeyali\New folder\;C:\WINDOWS\system32;C:\WINDOWS;C:\WINDOWS\System32\Wbem;C:\WINDOWS\System32\WindowsPowerShell\v1.0\;C:\WINDOWS\System32\OpenSSH\;C:\Program Files\MySQL\MySQL Server 8.0\bin;C:\Program Files\Git\cmd;C:\Program Files\nodejs\;C:\mingw-w64\bin;C:\Program Files\Microsoft MPI\Bin;C:\Program Files (x86)\Microsoft SDKs\MPI\Bin\;C:\Program Files\Java\jdk-24\bin;C:\Program Files\Java\jdk-24\bin;C:\Users\Shreeyali\Downloads\project ibm\MAVEN\apache-maven-3.9.10\bin;C:\Program Files\Docker\Docker\resources\bin;C:\Users\Shreeyali\AppData\Local\Programs\Python\Launcher\;C:\Program Files (x86)\Microsoft SDKs\MPI\Bin;C:\Program Files\Microsoft MPI\Bin\;C:\Program Files\Common Files\Oracle\Java\javapath;C:\Users\Shreeyali\New folder\Scripts\;C:\Users\Shreeyali\New folder\;C:\WINDOWS\system32;C:\WINDOWS;C:\WINDOWS\System32\Wbem;C:\WINDOWS\System32\WindowsPowerShell\v1.0\;C:\WINDOWS\System32\OpenSSH\;C:\Program Files\MySQL\MySQL Server 8.0\bin;C:\Program Files\Git\cmd;C:\Program Files\nodejs\;C:\mingw-w64\bin;C:\Program Files\Microsoft MPI\Bin;C:\Program Files\MySQL\MySQL Shell 8.0\bin\;C:\Users\Shreeyali\AppData\Local\Programs\Eclipse Adoptium\jdk-17.0.10.7-hotspot\bin;C:\Users\Shreeyali\AppData\Local\Microsoft\WindowsApps;C:\Users\Shreeyali\AppData\Local\Programs\Microsoft VS Code\bin;C:\msys64\mingw64\bin;C:\Program Files\JetBrains\PyCharm 2023.2.5\bin;C:\Program Files\JetBrains\PyCharm Edu 2022.2.2\bin;C:\Users\Shreeyali\AppData\Roaming\npm;C:\ffmpeg\ffmpeg-2025-04-17-git-7684243fbe-full_build\bin;;."/>
    <property name="java.vm.info" value="mixed mode, sharing"/>
    <property name="stderr.encoding" value="Cp1252"/>
    <property name="java.vendor" value="Eclipse Adoptium"/>
    <property name="java.vm.version" value="21.0.7+6-LTS"/>
    <property name="sun.io.unicode.encoding" value="UnicodeLittle"/>
    <property name="java.class.version" value="65.0"/>
  </properties>
  <testcase name="testObesity" classname="BMICalculatorTest" time="0.01"/>
  <testcase name="testUnderweight" classname="BMICalculatorTest" time="0.0"/>
  <testcase name="testNormalWeight" classname="BMICalculatorTest" time="0.0"/>
  <testcase name="testOverweight" classname="BMICalculatorTest" time="0.0"/>
</testsuite>